<?xml version="1.0" encoding="UTF-8"?>
<!-- Generated by org.testng.reporters.JUnitReportReporter -->
<testsuite hostname="Viswakanth2122" failures="0" tests="3" name="datadriven.ParameterTesting" time="0.079" errors="0" timestamp="2025-09-09T16:45:17 IST" skipped="0">
  <testcase classname="datadriven.ParameterTesting" name="testLogo" time="0.036"/>
  <testcase classname="datadriven.ParameterTesting" name="testTitle" time="0.033"/>
  <testcase classname="datadriven.ParameterTesting" name="testURL" time="0.010"/>
</testsuite> <!-- datadriven.ParameterTesting -->
