<?xml version="1.0" encoding="UTF-8"?>
<!-- Generated by org.testng.reporters.JUnitReportReporter -->
<testsuite hostname="Viswakanth2122" failures="0" tests="3" name="testintestng.FirstTestCase" time="0.013" errors="0" timestamp="2025-09-04T12:27:37 IST" skipped="0">
  <testcase classname="testintestng.FirstTestCase" name="login" time="0.009"/>
  <testcase classname="testintestng.FirstTestCase" name="openapp" time="0.001"/>
  <testcase classname="testintestng.FirstTestCase" name="logout" time="0.003"/>
</testsuite> <!-- testintestng.FirstTestCase -->
