<?xml version="1.0" encoding="UTF-8"?>
<!-- Generated by org.testng.reporters.JUnitReportReporter -->
<testsuite hostname="Viswakanth2122" failures="0" tests="2" name="testintestng.AllAnnotations" time="0.014" errors="0" timestamp="2025-09-05T10:52:36 IST" skipped="0">
  <testcase classname="testintestng.AllAnnotations" name="tm1" time="0.011"/>
  <testcase classname="testintestng.AllAnnotations" name="tm2" time="0.003"/>
</testsuite> <!-- testintestng.AllAnnotations -->
