<?xml version="1.0" encoding="UTF-8"?>
<!-- Generated by org.testng.reporters.JUnitReportReporter -->
<testsuite hostname="Viswakanth2122" failures="0" tests="1" name="day1.NewTest" time="0.031" errors="0" timestamp="2025-09-13T10:22:47 IST" skipped="0">
  <testcase classname="day1.NewTest" name="newtest" time="0.031"/>
</testsuite> <!-- day1.NewTest -->
